{
"contracts/DEMO.sol":{"l":{"10":33},"path":"/Users/shkang/new-project/gamefi-farm-contract/contracts/DEMO.sol","s":{"1":33},"b":{},"f":{"1":33},"fnMap":{"1":{"name":"constructor","line":9,"loc":{"start":{"line":9,"column":4},"end":{"line":11,"column":4}}}},"statementMap":{"1":{"start":{"line":10,"column":8},"end":{"line":10,"column":58}}},"branchMap":{}},
"contracts/farm.sol":{"l":{"38":12,"39":10,"40":9,"41":8,"42":7,"43":6,"47":33,"48":33,"49":33,"53":1,"57":2,"61":2,"65":7,"66":7,"67":7,"71":6,"72":6,"73":6,"77":6,"79":6,"84":6,"85":6,"87":6,"91":1,"92":1,"94":1,"96":1,"97":1,"100":1,"103":1,"105":1,"109":2,"113":4,"114":4,"115":0,"118":4,"119":4,"121":4,"122":4,"124":4,"128":2,"130":1,"134":4,"136":3,"138":3,"139":1,"141":1,"143":1,"144":1,"146":1,"147":1,"149":1,"151":1},"path":"/Users/shkang/new-project/gamefi-farm-contract/contracts/farm.sol","s":{"1":12,"2":10,"3":9,"4":8,"5":7,"6":7,"7":6,"8":6,"9":6,"10":6,"11":1,"12":1,"13":1,"14":1,"15":1,"16":1,"17":2,"18":4,"19":4,"20":0,"21":4,"22":4,"23":4,"24":4,"25":4,"26":2,"27":4,"28":3,"29":3,"30":1,"31":1,"32":1,"33":1,"34":1},"b":{"1":[10,2],"2":[9,1],"3":[8,1],"4":[7,1],"5":[6,1],"6":[1,1],"7":[2,1],"8":[2,1],"9":[7,1],"10":[7,0],"11":[6,1],"12":[6,0],"13":[6,6],"14":[6,0],"15":[1,0],"16":[0,4],"17":[4,0],"18":[3,1],"19":[2,1],"20":[1,1],"21":[4,1],"22":[3,1],"23":[1,2],"24":[1,0]},"f":{"1":12,"2":33,"3":1,"4":2,"5":2,"6":7,"7":6,"8":6,"9":1,"10":2,"11":4,"12":2,"13":4},"fnMap":{"1":{"name":"validateDeposit","line":37,"loc":{"start":{"line":37,"column":4},"end":{"line":44,"column":4}}},"2":{"name":"constructor","line":46,"loc":{"start":{"line":46,"column":4},"end":{"line":50,"column":4}}},"3":{"name":"setMaxUserDeposit","line":52,"loc":{"start":{"line":52,"column":4},"end":{"line":54,"column":4}}},"4":{"name":"setMaxTotalDeposit","line":56,"loc":{"start":{"line":56,"column":4},"end":{"line":58,"column":4}}},"5":{"name":"setPauseDeposit","line":60,"loc":{"start":{"line":60,"column":4},"end":{"line":62,"column":4}}},"6":{"name":"setDepositPeriod","line":64,"loc":{"start":{"line":64,"column":4},"end":{"line":68,"column":4}}},"7":{"name":"setRewardPeriod","line":70,"loc":{"start":{"line":70,"column":4},"end":{"line":74,"column":4}}},"8":{"name":"deposit","line":76,"loc":{"start":{"line":76,"column":4},"end":{"line":88,"column":4}}},"9":{"name":"withdraw","line":90,"loc":{"start":{"line":90,"column":4},"end":{"line":106,"column":4}}},"10":{"name":"currentReward","line":108,"loc":{"start":{"line":108,"column":4},"end":{"line":110,"column":4}}},"11":{"name":"_calculateReward","line":112,"loc":{"start":{"line":112,"column":4},"end":{"line":125,"column":4}}},"12":{"name":"transferRewardVault","line":127,"loc":{"start":{"line":127,"column":4},"end":{"line":131,"column":4}}},"13":{"name":"transferAssetByOwner","line":133,"loc":{"start":{"line":133,"column":4},"end":{"line":152,"column":4}}}},"statementMap":{"1":{"start":{"line":38,"column":8},"end":{"line":38,"column":63}},"2":{"start":{"line":39,"column":8},"end":{"line":39,"column":138}},"3":{"start":{"line":40,"column":8},"end":{"line":40,"column":69}},"4":{"start":{"line":41,"column":8},"end":{"line":41,"column":111}},"5":{"start":{"line":42,"column":8},"end":{"line":42,"column":98}},"6":{"start":{"line":65,"column":8},"end":{"line":65,"column":95}},"7":{"start":{"line":71,"column":8},"end":{"line":71,"column":95}},"8":{"start":{"line":77,"column":8},"end":{"line":77,"column":88}},"9":{"start":{"line":85,"column":8},"end":{"line":85,"column":73}},"10":{"start":{"line":87,"column":8},"end":{"line":87,"column":58}},"11":{"start":{"line":91,"column":8},"end":{"line":91,"column":61}},"12":{"start":{"line":92,"column":8},"end":{"line":92,"column":59}},"13":{"start":{"line":94,"column":8},"end":{"line":94,"column":53}},"14":{"start":{"line":100,"column":8},"end":{"line":100,"column":65}},"15":{"start":{"line":103,"column":8},"end":{"line":103,"column":72}},"16":{"start":{"line":105,"column":8},"end":{"line":105,"column":78}},"17":{"start":{"line":109,"column":8},"end":{"line":109,"column":38}},"18":{"start":{"line":113,"column":8},"end":{"line":113,"column":56}},"19":{"start":{"line":114,"column":8},"end":{"line":114,"column":4379}},"20":{"start":{"line":115,"column":12},"end":{"line":115,"column":20}},"21":{"start":{"line":118,"column":8},"end":{"line":118,"column":129}},"22":{"start":{"line":119,"column":8},"end":{"line":119,"column":111}},"23":{"start":{"line":121,"column":8},"end":{"line":121,"column":65}},"24":{"start":{"line":122,"column":8},"end":{"line":122,"column":95}},"25":{"start":{"line":124,"column":8},"end":{"line":124,"column":21}},"26":{"start":{"line":128,"column":8},"end":{"line":128,"column":82}},"27":{"start":{"line":134,"column":8},"end":{"line":134,"column":76}},"28":{"start":{"line":136,"column":8},"end":{"line":136,"column":58}},"29":{"start":{"line":138,"column":8},"end":{"line":138,"column":58}},"30":{"start":{"line":139,"column":8},"end":{"line":139,"column":104}},"31":{"start":{"line":141,"column":8},"end":{"line":141,"column":53}},"32":{"start":{"line":143,"column":8},"end":{"line":143,"column":57}},"33":{"start":{"line":144,"column":8},"end":{"line":144,"column":72}},"34":{"start":{"line":151,"column":8},"end":{"line":151,"column":61}}},"branchMap":{"1":{"line":38,"type":"if","locations":[{"start":{"line":38,"column":8},"end":{"line":38,"column":8}},{"start":{"line":38,"column":8},"end":{"line":38,"column":8}}]},"2":{"line":39,"type":"if","locations":[{"start":{"line":39,"column":8},"end":{"line":39,"column":8}},{"start":{"line":39,"column":8},"end":{"line":39,"column":8}}]},"3":{"line":40,"type":"if","locations":[{"start":{"line":40,"column":8},"end":{"line":40,"column":8}},{"start":{"line":40,"column":8},"end":{"line":40,"column":8}}]},"4":{"line":41,"type":"if","locations":[{"start":{"line":41,"column":8},"end":{"line":41,"column":8}},{"start":{"line":41,"column":8},"end":{"line":41,"column":8}}]},"5":{"line":42,"type":"if","locations":[{"start":{"line":42,"column":8},"end":{"line":42,"column":8}},{"start":{"line":42,"column":8},"end":{"line":42,"column":8}}]},"6":{"line":52,"type":"if","locations":[{"start":{"line":52,"column":65},"end":{"line":52,"column":65}},{"start":{"line":52,"column":65},"end":{"line":52,"column":65}}]},"7":{"line":56,"type":"if","locations":[{"start":{"line":56,"column":67},"end":{"line":56,"column":67}},{"start":{"line":56,"column":67},"end":{"line":56,"column":67}}]},"8":{"line":60,"type":"if","locations":[{"start":{"line":60,"column":51},"end":{"line":60,"column":51}},{"start":{"line":60,"column":51},"end":{"line":60,"column":51}}]},"9":{"line":64,"type":"if","locations":[{"start":{"line":64,"column":87},"end":{"line":64,"column":87}},{"start":{"line":64,"column":87},"end":{"line":64,"column":87}}]},"10":{"line":65,"type":"if","locations":[{"start":{"line":65,"column":8},"end":{"line":65,"column":8}},{"start":{"line":65,"column":8},"end":{"line":65,"column":8}}]},"11":{"line":70,"type":"if","locations":[{"start":{"line":70,"column":86},"end":{"line":70,"column":86}},{"start":{"line":70,"column":86},"end":{"line":70,"column":86}}]},"12":{"line":71,"type":"if","locations":[{"start":{"line":71,"column":8},"end":{"line":71,"column":8}},{"start":{"line":71,"column":8},"end":{"line":71,"column":8}}]},"13":{"line":76,"type":"if","locations":[{"start":{"line":76,"column":47},"end":{"line":76,"column":47}},{"start":{"line":76,"column":47},"end":{"line":76,"column":47}}]},"14":{"line":77,"type":"if","locations":[{"start":{"line":77,"column":8},"end":{"line":77,"column":8}},{"start":{"line":77,"column":8},"end":{"line":77,"column":8}}]},"15":{"line":92,"type":"if","locations":[{"start":{"line":92,"column":8},"end":{"line":92,"column":8}},{"start":{"line":92,"column":8},"end":{"line":92,"column":8}}]},"16":{"line":114,"type":"if","locations":[{"start":{"line":114,"column":8},"end":{"line":114,"column":8}},{"start":{"line":114,"column":8},"end":{"line":114,"column":8}}]},"17":{"line":118,"type":"if","locations":[{"start":{"line":118,"column":83},"end":{"line":118,"column":104}},{"start":{"line":118,"column":108},"end":{"line":118,"column":128}}]},"18":{"line":119,"type":"if","locations":[{"start":{"line":119,"column":73},"end":{"line":119,"column":92}},{"start":{"line":119,"column":96},"end":{"line":119,"column":110}}]},"19":{"line":127,"type":"if","locations":[{"start":{"line":127,"column":61},"end":{"line":127,"column":61}},{"start":{"line":127,"column":61},"end":{"line":127,"column":61}}]},"20":{"line":128,"type":"if","locations":[{"start":{"line":128,"column":8},"end":{"line":128,"column":8}},{"start":{"line":128,"column":8},"end":{"line":128,"column":8}}]},"21":{"line":133,"type":"if","locations":[{"start":{"line":133,"column":63},"end":{"line":133,"column":63}},{"start":{"line":133,"column":63},"end":{"line":133,"column":63}}]},"22":{"line":134,"type":"if","locations":[{"start":{"line":134,"column":8},"end":{"line":134,"column":8}},{"start":{"line":134,"column":8},"end":{"line":134,"column":8}}]},"23":{"line":138,"type":"if","locations":[{"start":{"line":138,"column":8},"end":{"line":138,"column":8}},{"start":{"line":138,"column":8},"end":{"line":138,"column":8}}]},"24":{"line":139,"type":"if","locations":[{"start":{"line":139,"column":8},"end":{"line":139,"column":8}},{"start":{"line":139,"column":8},"end":{"line":139,"column":8}}]}}}}
