TN:
SF:/Users/shkang/new-project/gamefi-farm-contract/contracts/DEMO.sol
FN:9,constructor
FNF:1
FNH:1
FNDA:33,constructor
DA:10,33
LF:1
LH:1
BRF:0
BRH:0
end_of_record
TN:
SF:/Users/shkang/new-project/gamefi-farm-contract/contracts/farm.sol
FN:37,validateDeposit
FN:46,constructor
FN:52,setMaxUserDeposit
FN:56,setMaxTotalDeposit
FN:60,setPauseDeposit
FN:64,setDepositPeriod
FN:70,setRewardPeriod
FN:76,deposit
FN:90,withdraw
FN:108,currentReward
FN:112,_calculateReward
FN:127,transferRewardVault
FN:133,transferAssetByOwner
FNF:13
FNH:13
FNDA:12,validateDeposit
FNDA:33,constructor
FNDA:1,setMaxUserDeposit
FNDA:2,setMaxTotalDeposit
FNDA:2,setPauseDeposit
FNDA:7,setDepositPeriod
FNDA:6,setRewardPeriod
FNDA:6,deposit
FNDA:1,withdraw
FNDA:2,currentReward
FNDA:4,_calculateReward
FNDA:2,transferRewardVault
FNDA:4,transferAssetByOwner
DA:38,12
DA:39,10
DA:40,9
DA:41,8
DA:42,7
DA:43,6
DA:47,33
DA:48,33
DA:49,33
DA:53,1
DA:57,2
DA:61,2
DA:65,7
DA:66,7
DA:67,7
DA:71,6
DA:72,6
DA:73,6
DA:77,6
DA:79,6
DA:84,6
DA:85,6
DA:87,6
DA:91,1
DA:92,1
DA:94,1
DA:96,1
DA:97,1
DA:100,1
DA:103,1
DA:105,1
DA:109,2
DA:113,4
DA:114,4
DA:115,0
DA:118,4
DA:119,4
DA:121,4
DA:122,4
DA:124,4
DA:128,2
DA:130,1
DA:134,4
DA:136,3
DA:138,3
DA:139,1
DA:141,1
DA:143,1
DA:144,1
DA:146,1
DA:147,1
DA:149,1
DA:151,1
LF:53
LH:52
BRDA:38,1,0,10
BRDA:38,1,1,2
BRDA:39,2,0,9
BRDA:39,2,1,1
BRDA:40,3,0,8
BRDA:40,3,1,1
BRDA:41,4,0,7
BRDA:41,4,1,1
BRDA:42,5,0,6
BRDA:42,5,1,1
BRDA:52,6,0,1
BRDA:52,6,1,1
BRDA:56,7,0,2
BRDA:56,7,1,1
BRDA:60,8,0,2
BRDA:60,8,1,1
BRDA:64,9,0,7
BRDA:64,9,1,1
BRDA:65,10,0,7
BRDA:65,10,1,0
BRDA:70,11,0,6
BRDA:70,11,1,1
BRDA:71,12,0,6
BRDA:71,12,1,0
BRDA:76,13,0,6
BRDA:76,13,1,6
BRDA:77,14,0,6
BRDA:77,14,1,0
BRDA:92,15,0,1
BRDA:92,15,1,0
BRDA:114,16,0,0
BRDA:114,16,1,4
BRDA:118,17,0,4
BRDA:118,17,1,0
BRDA:119,18,0,3
BRDA:119,18,1,1
BRDA:127,19,0,2
BRDA:127,19,1,1
BRDA:128,20,0,1
BRDA:128,20,1,1
BRDA:133,21,0,4
BRDA:133,21,1,1
BRDA:134,22,0,3
BRDA:134,22,1,1
BRDA:138,23,0,1
BRDA:138,23,1,2
BRDA:139,24,0,1
BRDA:139,24,1,0
BRF:48
BRH:41
end_of_record
